0 info it worked if it ends with ok
1 verbose cli [ 'node', '/usr/local/bin/npm', 'install', 'mongoose' ]
2 info using npm@2.0.0-alpha-5
3 info using node@v0.10.29
4 verbose node symlink /usr/local/bin/node
5 warn package.json DNbot@0.1.0 No README data
6 verbose readDependencies using package.json deps
7 verbose cache add [ 'mongoose', null ]
8 verbose cache add spec="mongoose" args=["mongoose",null]
9 verbose parsed spec { raw: 'mongoose',
9 verbose parsed spec   scope: null,
9 verbose parsed spec   name: 'mongoose',
9 verbose parsed spec   rawSpec: '',
9 verbose parsed spec   spec: '*',
9 verbose parsed spec   type: 'range' }
10 verbose addNamed [ 'mongoose', '*' ]
11 verbose addNamed [ null, '*' ]
12 silly lockFile e0858070-mongoose mongoose@*
13 verbose lock mongoose@* /Users/jailbot/.npm/e0858070-mongoose.lock
14 silly addNameRange { name: 'mongoose', range: '*', hasData: false }
15 verbose mapToRegistry name mongoose
16 verbose mapToRegistry uri https://registry.npmjs.org/mongoose
17 verbose request where is /mongoose
18 verbose request registry https://registry.npmjs.org/
19 verbose request id d6df32d6ad220de8
20 verbose request url raw /mongoose
21 verbose request url resolving [ 'https://registry.npmjs.org/', './mongoose' ]
22 verbose request url resolved https://registry.npmjs.org/mongoose
23 verbose request where is https://registry.npmjs.org/mongoose
24 verbose request no basic auth needed
25 info trying registry request attempt 1 at 21:44:06
26 http GET https://registry.npmjs.org/mongoose
27 http 200 https://registry.npmjs.org/mongoose
28 silly registry.get cb [ 200,
28 silly registry.get   { date: 'Wed, 06 Aug 2014 02:44:07 GMT',
28 silly registry.get     server: 'CouchDB/1.5.0 (Erlang OTP/R16B03)',
28 silly registry.get     etag: '"BV3GYN8553QIDYAFOFNO0VOMR"',
28 silly registry.get     'content-type': 'application/json',
28 silly registry.get     'cache-control': 'max-age=60',
28 silly registry.get     'content-length': '259716',
28 silly registry.get     'accept-ranges': 'bytes',
28 silly registry.get     via: '1.1 varnish',
28 silly registry.get     age: '1643',
28 silly registry.get     'x-served-by': 'cache-dfw1823-DFW',
28 silly registry.get     'x-cache': 'HIT',
28 silly registry.get     'x-cache-hits': '1',
28 silly registry.get     'x-timer': 'S1407293047.531471,VS0,VE43',
28 silly registry.get     vary: 'Accept',
28 silly registry.get     'keep-alive': 'timeout=10, max=50',
28 silly registry.get     connection: 'Keep-Alive' } ]
29 silly addNameRange number 2 { name: 'mongoose', range: '*', hasData: true }
30 silly addNameRange versions [ 'mongoose',
30 silly addNameRange   [ '0.0.1',
30 silly addNameRange     '0.0.2',
30 silly addNameRange     '0.0.3',
30 silly addNameRange     '0.0.4',
30 silly addNameRange     '0.0.5',
30 silly addNameRange     '1.0.0',
30 silly addNameRange     '1.0.1',
30 silly addNameRange     '1.0.2',
30 silly addNameRange     '0.0.6',
30 silly addNameRange     '1.0.3',
30 silly addNameRange     '1.0.4',
30 silly addNameRange     '1.0.5',
30 silly addNameRange     '1.0.6',
30 silly addNameRange     '1.0.7',
30 silly addNameRange     '1.0.8',
30 silly addNameRange     '1.0.10',
30 silly addNameRange     '1.0.11',
30 silly addNameRange     '1.0.12',
30 silly addNameRange     '1.0.13',
30 silly addNameRange     '1.0.14',
30 silly addNameRange     '1.0.15',
30 silly addNameRange     '1.0.16',
30 silly addNameRange     '1.1.0',
30 silly addNameRange     '1.1.1',
30 silly addNameRange     '1.1.2',
30 silly addNameRange     '1.1.3',
30 silly addNameRange     '1.1.4',
30 silly addNameRange     '1.1.5',
30 silly addNameRange     '1.1.6',
30 silly addNameRange     '1.1.7',
30 silly addNameRange     '1.1.8',
30 silly addNameRange     '1.1.9',
30 silly addNameRange     '1.1.10',
30 silly addNameRange     '1.1.11',
30 silly addNameRange     '1.1.12',
30 silly addNameRange     '1.1.13',
30 silly addNameRange     '1.1.14',
30 silly addNameRange     '1.1.15',
30 silly addNameRange     '1.1.16',
30 silly addNameRange     '1.1.17',
30 silly addNameRange     '1.1.18',
30 silly addNameRange     '1.1.19',
30 silly addNameRange     '1.1.20',
30 silly addNameRange     '1.1.21',
30 silly addNameRange     '1.1.22',
30 silly addNameRange     '1.1.23',
30 silly addNameRange     '1.1.24',
30 silly addNameRange     '1.1.25',
30 silly addNameRange     '1.2.0',
30 silly addNameRange     '1.3.0',
30 silly addNameRange     '1.3.1',
30 silly addNameRange     '1.3.2',
30 silly addNameRange     '1.3.3',
30 silly addNameRange     '1.3.4',
30 silly addNameRange     '1.3.5',
30 silly addNameRange     '1.3.6',
30 silly addNameRange     '1.3.7',
30 silly addNameRange     '1.4.0',
30 silly addNameRange     '1.5.0',
30 silly addNameRange     '1.6.0',
30 silly addNameRange     '1.7.2',
30 silly addNameRange     '1.7.3',
30 silly addNameRange     '1.7.4',
30 silly addNameRange     '1.8.0',
30 silly addNameRange     '1.8.1',
30 silly addNameRange     '1.8.2',
30 silly addNameRange     '1.8.3',
30 silly addNameRange     '1.8.4',
30 silly addNameRange     '2.0.0',
30 silly addNameRange     '2.0.1',
30 silly addNameRange     '2.0.2',
30 silly addNameRange     '2.0.3',
30 silly addNameRange     '2.0.4',
30 silly addNameRange     '2.1.0',
30 silly addNameRange     '2.1.1',
30 silly addNameRange     '2.1.2',
30 silly addNameRange     '2.1.3',
30 silly addNameRange     '2.1.4',
30 silly addNameRange     '2.2.0',
30 silly addNameRange     '2.2.1',
30 silly addNameRange     '2.2.2',
30 silly addNameRange     '2.2.3',
30 silly addNameRange     '2.2.4',
30 silly addNameRange     '2.3.0',
30 silly addNameRange     '2.3.1',
30 silly addNameRange     '2.3.2',
30 silly addNameRange     '2.3.3',
30 silly addNameRange     '2.3.4',
30 silly addNameRange     '2.3.5',
30 silly addNameRange     '2.3.6',
30 silly addNameRange     '2.3.7',
30 silly addNameRange     '2.3.8',
30 silly addNameRange     '2.3.9',
30 silly addNameRange     '2.3.10',
30 silly addNameRange     '2.3.11',
30 silly addNameRange     '2.3.12',
30 silly addNameRange     '2.3.13',
30 silly addNameRange     '2.4.0',
30 silly addNameRange     '2.4.1',
30 silly addNameRange     '2.4.2',
30 silly addNameRange     '2.4.3',
30 silly addNameRange     '2.4.4',
30 silly addNameRange     '2.4.5',
30 silly addNameRange     '2.4.6',
30 silly addNameRange     '2.4.7',
30 silly addNameRange     '2.4.8',
30 silly addNameRange     '2.4.9',
30 silly addNameRange     '2.4.10',
30 silly addNameRange     '2.5.0',
30 silly addNameRange     '2.5.1',
30 silly addNameRange     '2.5.2',
30 silly addNameRange     '2.5.3',
30 silly addNameRange     '2.5.4',
30 silly addNameRange     '2.5.5',
30 silly addNameRange     '2.5.6',
30 silly addNameRange     '2.5.7',
30 silly addNameRange     '2.5.8',
30 silly addNameRange     '2.5.9',
30 silly addNameRange     '2.5.10',
30 silly addNameRange     '2.5.11',
30 silly addNameRange     '2.5.12',
30 silly addNameRange     '2.5.13',
30 silly addNameRange     '2.5.14',
30 silly addNameRange     '2.6.0',
30 silly addNameRange     '2.6.1',
30 silly addNameRange     '2.6.2',
30 silly addNameRange     '2.6.3',
30 silly addNameRange     '2.6.4',
30 silly addNameRange     '2.6.5',
30 silly addNameRange     '2.6.6',
30 silly addNameRange     '2.6.7',
30 silly addNameRange     '2.6.8',
30 silly addNameRange     '2.7.0',
30 silly addNameRange     '2.7.1',
30 silly addNameRange     '2.7.2',
30 silly addNameRange     '2.7.4',
30 silly addNameRange     '2.7.3',
30 silly addNameRange     '3.0.0',
30 silly addNameRange     '3.0.1',
30 silly addNameRange     '3.0.2',
30 silly addNameRange     '2.8.0',
30 silly addNameRange     '3.0.3',
30 silly addNameRange     '3.1.0',
30 silly addNameRange     '2.8.1',
30 silly addNameRange     '3.1.1',
30 silly addNameRange     '2.8.2',
30 silly addNameRange     '2.8.3',
30 silly addNameRange     '2.9.0',
30 silly addNameRange     '3.2.0',
30 silly addNameRange     '2.9.1',
30 silly addNameRange     '3.2.1',
30 silly addNameRange     '2.9.2',
30 silly addNameRange     '3.2.2',
30 silly addNameRange     '3.3.0',
30 silly addNameRange     '3.3.1',
30 silly addNameRange     '2.9.3',
30 silly addNameRange     '3.4.0',
30 silly addNameRange     '2.9.4',
30 silly addNameRange     '2.9.5',
30 silly addNameRange     '3.5.0',
30 silly addNameRange     '3.5.1',
30 silly addNameRange     '3.5.2',
30 silly addNameRange     '3.5.3',
30 silly addNameRange     '2.9.6',
30 silly addNameRange     '2.9.7',
30 silly addNameRange     '3.5.4',
30 silly addNameRange     '3.5.5',
30 silly addNameRange     '2.9.8',
30 silly addNameRange     '2.9.9',
30 silly addNameRange     '3.5.6',
30 silly addNameRange     '3.5.7',
30 silly addNameRange     '3.5.8',
30 silly addNameRange     '2.9.10',
30 silly addNameRange     '3.5.9',
30 silly addNameRange     '3.6.2',
30 silly addNameRange     '3.5.10',
30 silly addNameRange     '3.6.3',
30 silly addNameRange     '3.5.11',
30 silly addNameRange     '3.6.4',
30 silly addNameRange     '3.6.5',
30 silly addNameRange     '3.6.6',
30 silly addNameRange     '3.6.7',
30 silly addNameRange     '3.5.12',
30 silly addNameRange     '3.6.8',
30 silly addNameRange     '3.6.9',
30 silly addNameRange     '3.6.10',
30 silly addNameRange     '3.5.13',
30 silly addNameRange     '3.5.14',
30 silly addNameRange     '3.6.11',
30 silly addNameRange     '3.6.12',
30 silly addNameRange     '3.6.13',
30 silly addNameRange     '3.6.14',
30 silly addNameRange     '3.6.15',
30 silly addNameRange     '3.5.15',
30 silly addNameRange     '3.7.0',
30 silly addNameRange     '3.6.16',
30 silly addNameRange     '3.5.16',
30 silly addNameRange     '3.6.17',
30 silly addNameRange     '3.7.2',
30 silly addNameRange     '3.0.0-alpha1',
30 silly addNameRange     '3.0.0-alpha2',
30 silly addNameRange     '3.0.0-rc0',
30 silly addNameRange     '3.6.0-rc0',
30 silly addNameRange     '3.6.0-rc1',
30 silly addNameRange     '3.6.18',
30 silly addNameRange     '3.7.3',
30 silly addNameRange     '3.6.19',
30 silly addNameRange     '3.6.20',
30 silly addNameRange     '3.7.4',
30 silly addNameRange     '3.8.0',
30 silly addNameRange     '3.8.1',
30 silly addNameRange     '3.8.2',
30 silly addNameRange     '3.8.3',
30 silly addNameRange     '3.8.4',
30 silly addNameRange     '3.8.5',
30 silly addNameRange     '3.8.6',
30 silly addNameRange     '3.8.7',
30 silly addNameRange     '3.8.8',
30 silly addNameRange     '3.8.9',
30 silly addNameRange     '3.8.10',
30 silly addNameRange     '3.8.11',
30 silly addNameRange     '3.9.0',
30 silly addNameRange     '3.8.12',
30 silly addNameRange     '3.8.13',
30 silly addNameRange     '3.8.14' ] ]
31 verbose addNamed [ 'mongoose', '3.8.14' ]
32 verbose addNamed [ '3.8.14', '3.8.14' ]
33 silly lockFile 67aef15d-mongoose-3-8-14 mongoose@3.8.14
34 verbose lock mongoose@3.8.14 /Users/jailbot/.npm/67aef15d-mongoose-3-8-14.lock
35 silly lockFile 3e1163ab-org-mongoose-mongoose-3-8-14-tgz https://registry.npmjs.org/mongoose/-/mongoose-3.8.14.tgz
36 verbose lock https://registry.npmjs.org/mongoose/-/mongoose-3.8.14.tgz /Users/jailbot/.npm/3e1163ab-org-mongoose-mongoose-3-8-14-tgz.lock
37 verbose addRemoteTarball [ 'https://registry.npmjs.org/mongoose/-/mongoose-3.8.14.tgz',
37 verbose addRemoteTarball   '3c6928847a35c51907b58f8db1ef0eeaa7101579' ]
38 info retry fetch attempt 1 at 21:44:07
39 verbose fetch to= /var/folders/mf/zp8xwrl1179d75ntlh2lm14r0000gn/T/npm-2782-9WrwxqmZ/registry.npmjs.org/mongoose/-/mongoose-3.8.14.tgz
40 http GET https://registry.npmjs.org/mongoose/-/mongoose-3.8.14.tgz
41 http 200 https://registry.npmjs.org/mongoose/-/mongoose-3.8.14.tgz
42 silly lockFile 3e1163ab-org-mongoose-mongoose-3-8-14-tgz https://registry.npmjs.org/mongoose/-/mongoose-3.8.14.tgz
43 silly lockFile 3e1163ab-org-mongoose-mongoose-3-8-14-tgz https://registry.npmjs.org/mongoose/-/mongoose-3.8.14.tgz
44 silly lockFile 67aef15d-mongoose-3-8-14 mongoose@3.8.14
45 silly lockFile 67aef15d-mongoose-3-8-14 mongoose@3.8.14
46 silly lockFile e0858070-mongoose mongoose@*
47 silly lockFile e0858070-mongoose mongoose@*
48 silly resolved [ { name: 'mongoose',
48 silly resolved     description: 'Mongoose MongoDB ODM',
48 silly resolved     version: '3.8.14',
48 silly resolved     author: { name: 'Guillermo Rauch', email: 'guillermo@learnboost.com' },
48 silly resolved     keywords:
48 silly resolved      [ 'mongodb',
48 silly resolved        'document',
48 silly resolved        'model',
48 silly resolved        'schema',
48 silly resolved        'database',
48 silly resolved        'odm',
48 silly resolved        'data',
48 silly resolved        'datastore',
48 silly resolved        'query',
48 silly resolved        'nosql',
48 silly resolved        'orm',
48 silly resolved        'db' ],
48 silly resolved     dependencies:
48 silly resolved      { mongodb: '1.4.7',
48 silly resolved        hooks: '0.2.1',
48 silly resolved        ms: '0.1.0',
48 silly resolved        sliced: '0.0.5',
48 silly resolved        muri: '0.3.1',
48 silly resolved        mpromise: '0.4.3',
48 silly resolved        mpath: '0.1.1',
48 silly resolved        'regexp-clone': '0.0.1',
48 silly resolved        mquery: '0.8.0' },
48 silly resolved     devDependencies:
48 silly resolved      { mocha: '1.12.0',
48 silly resolved        'node-static': '0.5.9',
48 silly resolved        dox: '0.3.1',
48 silly resolved        jade: '0.26.3',
48 silly resolved        'highlight.js': '7.0.1',
48 silly resolved        markdown: '0.3.1',
48 silly resolved        'promises-aplus-tests': '>= 1.0.2',
48 silly resolved        tbd: '0.6.4',
48 silly resolved        benchmark: '1.0.0',
48 silly resolved        open: '0.0.3',
48 silly resolved        async: '0.2.5',
48 silly resolved        underscore: '1.5.2' },
48 silly resolved     directories: { lib: './lib/mongoose' },
48 silly resolved     scripts: { test: 'make test' },
48 silly resolved     main: './index.js',
48 silly resolved     engines: { node: '>=0.6.19' },
48 silly resolved     bugs:
48 silly resolved      { url: 'https://github.com/learnboost/mongoose/issues/new',
48 silly resolved        email: 'mongoose-orm@googlegroups.com' },
48 silly resolved     repository: { type: 'git', url: 'git://github.com/LearnBoost/mongoose.git' },
48 silly resolved     homepage: 'http://mongoosejs.com',
48 silly resolved     _id: 'mongoose@3.8.14',
48 silly resolved     _shasum: '3c6928847a35c51907b58f8db1ef0eeaa7101579',
48 silly resolved     _from: 'mongoose@*',
48 silly resolved     _npmVersion: '1.4.7',
48 silly resolved     _npmUser: { name: 'vkarpov15', email: 'valkar207@gmail.com' },
48 silly resolved     maintainers: [ [Object], [Object], [Object], [Object], [Object] ],
48 silly resolved     dist:
48 silly resolved      { shasum: '3c6928847a35c51907b58f8db1ef0eeaa7101579',
48 silly resolved        tarball: 'http://registry.npmjs.org/mongoose/-/mongoose-3.8.14.tgz' },
48 silly resolved     _resolved: 'https://registry.npmjs.org/mongoose/-/mongoose-3.8.14.tgz' } ]
49 info install mongoose@3.8.14 into /Users/jailbot/Documents/development/dnbot
50 info installOne mongoose@3.8.14
51 verbose node_modules/mongoose unbuild
52 verbose gentlyRm vacuuming /Users/jailbot/Documents/development/dnbot/node_modules/mongoose
53 verbose tar unpack /Users/jailbot/.npm/mongoose/3.8.14/package.tgz
54 silly lockFile 433fca6e-ment-dnbot-node-modules-mongoose tar:///Users/jailbot/Documents/development/dnbot/node_modules/mongoose
55 verbose lock tar:///Users/jailbot/Documents/development/dnbot/node_modules/mongoose /Users/jailbot/.npm/433fca6e-ment-dnbot-node-modules-mongoose.lock
56 silly lockFile 8258df20--npm-mongoose-3-8-14-package-tgz tar:///Users/jailbot/.npm/mongoose/3.8.14/package.tgz
57 verbose lock tar:///Users/jailbot/.npm/mongoose/3.8.14/package.tgz /Users/jailbot/.npm/8258df20--npm-mongoose-3-8-14-package-tgz.lock
58 verbose gentlyRm vacuuming /Users/jailbot/Documents/development/dnbot/node_modules/mongoose
59 silly gunzTarPerm modes [ '755', '644' ]
60 silly gunzTarPerm extractEntry package.json
61 silly gunzTarPerm modified mode [ 'package.json', 436, 420 ]
62 silly gunzTarPerm extractEntry .npmignore
63 silly gunzTarPerm modified mode [ '.npmignore', 436, 420 ]
64 silly gunzTarPerm extractEntry README.md
65 silly gunzTarPerm modified mode [ 'README.md', 436, 420 ]
66 silly gunzTarPerm extractEntry static.js
67 silly gunzTarPerm modified mode [ 'static.js', 436, 420 ]
68 silly gunzTarPerm extractEntry mongoose.browser.js
69 silly gunzTarPerm modified mode [ 'mongoose.browser.js', 436, 420 ]
70 silly gunzTarPerm extractEntry index.js
71 silly gunzTarPerm modified mode [ 'index.js', 436, 420 ]
72 silly gunzTarPerm extractEntry website.js
73 silly gunzTarPerm modified mode [ 'website.js', 436, 420 ]
74 silly gunzTarPerm extractEntry gh-2159.patch
75 silly gunzTarPerm modified mode [ 'gh-2159.patch', 436, 420 ]
76 silly gunzTarPerm extractEntry gh-2151.patch
77 silly gunzTarPerm modified mode [ 'gh-2151.patch', 436, 420 ]
78 silly gunzTarPerm extractEntry .travis.yml
79 silly gunzTarPerm modified mode [ '.travis.yml', 436, 420 ]
80 silly gunzTarPerm extractEntry contRun.sh
81 silly gunzTarPerm modified mode [ 'contRun.sh', 509, 493 ]
82 silly gunzTarPerm extractEntry lib/aggregate.js
83 silly gunzTarPerm modified mode [ 'lib/aggregate.js', 436, 420 ]
84 silly gunzTarPerm extractEntry lib/statemachine.js
85 silly gunzTarPerm modified mode [ 'lib/statemachine.js', 436, 420 ]
86 silly gunzTarPerm extractEntry lib/error.js
87 silly gunzTarPerm modified mode [ 'lib/error.js', 436, 420 ]
88 silly gunzTarPerm extractEntry lib/index.js
89 silly gunzTarPerm modified mode [ 'lib/index.js', 436, 420 ]
90 silly gunzTarPerm extractEntry lib/utils.js
91 silly gunzTarPerm modified mode [ 'lib/utils.js', 436, 420 ]
92 silly gunzTarPerm extractEntry lib/model.js
93 silly gunzTarPerm modified mode [ 'lib/model.js', 436, 420 ]
94 silly gunzTarPerm extractEntry lib/collection.js
95 silly gunzTarPerm modified mode [ 'lib/collection.js', 436, 420 ]
96 silly gunzTarPerm extractEntry lib/query.js
97 silly gunzTarPerm modified mode [ 'lib/query.js', 436, 420 ]
98 silly gunzTarPerm extractEntry lib/queryhelpers.js
99 silly gunzTarPerm modified mode [ 'lib/queryhelpers.js', 436, 420 ]
100 silly gunzTarPerm extractEntry lib/querystream.js
101 silly gunzTarPerm modified mode [ 'lib/querystream.js', 436, 420 ]
102 silly gunzTarPerm extractEntry lib/document.js
103 silly gunzTarPerm modified mode [ 'lib/document.js', 436, 420 ]
104 silly gunzTarPerm extractEntry lib/schematype.js
105 silly gunzTarPerm modified mode [ 'lib/schematype.js', 436, 420 ]
106 silly gunzTarPerm extractEntry lib/connectionstate.js
107 silly gunzTarPerm modified mode [ 'lib/connectionstate.js', 436, 420 ]
108 silly gunzTarPerm extractEntry lib/schema.js
109 silly gunzTarPerm modified mode [ 'lib/schema.js', 436, 420 ]
110 silly gunzTarPerm extractEntry lib/connection.js
111 silly gunzTarPerm modified mode [ 'lib/connection.js', 436, 420 ]
112 silly gunzTarPerm extractEntry lib/schemadefault.js
113 silly gunzTarPerm modified mode [ 'lib/schemadefault.js', 436, 420 ]
114 silly gunzTarPerm extractEntry lib/internal.js
115 silly gunzTarPerm modified mode [ 'lib/internal.js', 436, 420 ]
116 silly gunzTarPerm extractEntry lib/virtualtype.js
117 silly gunzTarPerm modified mode [ 'lib/virtualtype.js', 436, 420 ]
118 silly gunzTarPerm extractEntry lib/promise.js
119 silly gunzTarPerm modified mode [ 'lib/promise.js', 436, 420 ]
120 silly gunzTarPerm extractEntry lib/schema/array.js
121 silly gunzTarPerm modified mode [ 'lib/schema/array.js', 436, 420 ]
122 silly gunzTarPerm extractEntry lib/schema/boolean.js
123 silly gunzTarPerm modified mode [ 'lib/schema/boolean.js', 436, 420 ]
124 silly gunzTarPerm extractEntry lib/schema/buffer.js
125 silly gunzTarPerm modified mode [ 'lib/schema/buffer.js', 436, 420 ]
126 silly gunzTarPerm extractEntry lib/schema/date.js
127 silly gunzTarPerm modified mode [ 'lib/schema/date.js', 436, 420 ]
128 silly gunzTarPerm extractEntry lib/schema/documentarray.js
129 silly gunzTarPerm modified mode [ 'lib/schema/documentarray.js', 436, 420 ]
130 silly gunzTarPerm extractEntry lib/schema/index.js
131 silly gunzTarPerm modified mode [ 'lib/schema/index.js', 436, 420 ]
132 silly gunzTarPerm extractEntry lib/schema/mixed.js
133 silly gunzTarPerm modified mode [ 'lib/schema/mixed.js', 436, 420 ]
134 silly gunzTarPerm extractEntry lib/schema/number.js
135 silly gunzTarPerm modified mode [ 'lib/schema/number.js', 436, 420 ]
136 silly gunzTarPerm extractEntry lib/schema/objectid.js
137 silly gunzTarPerm modified mode [ 'lib/schema/objectid.js', 436, 420 ]
138 silly gunzTarPerm extractEntry lib/schema/string.js
139 silly gunzTarPerm modified mode [ 'lib/schema/string.js', 436, 420 ]
140 silly gunzTarPerm extractEntry lib/error/cast.js
141 silly gunzTarPerm modified mode [ 'lib/error/cast.js', 436, 420 ]
142 silly gunzTarPerm extractEntry lib/error/divergentArray.js
143 silly gunzTarPerm modified mode [ 'lib/error/divergentArray.js', 436, 420 ]
144 silly gunzTarPerm extractEntry lib/error/messages.js
145 silly gunzTarPerm modified mode [ 'lib/error/messages.js', 436, 420 ]
146 silly gunzTarPerm extractEntry lib/error/missingSchema.js
147 silly gunzTarPerm modified mode [ 'lib/error/missingSchema.js', 436, 420 ]
148 silly gunzTarPerm extractEntry lib/error/overwriteModel.js
149 silly gunzTarPerm modified mode [ 'lib/error/overwriteModel.js', 436, 420 ]
150 silly gunzTarPerm extractEntry lib/error/validation.js
151 silly gunzTarPerm modified mode [ 'lib/error/validation.js', 436, 420 ]
152 silly gunzTarPerm extractEntry lib/error/validator.js
153 silly gunzTarPerm modified mode [ 'lib/error/validator.js', 436, 420 ]
154 silly gunzTarPerm extractEntry lib/error/version.js
155 silly gunzTarPerm modified mode [ 'lib/error/version.js', 436, 420 ]
156 silly gunzTarPerm extractEntry lib/types/array.js
157 silly gunzTarPerm modified mode [ 'lib/types/array.js', 436, 420 ]
158 silly gunzTarPerm extractEntry lib/types/buffer.js
159 silly gunzTarPerm modified mode [ 'lib/types/buffer.js', 436, 420 ]
160 silly gunzTarPerm extractEntry lib/types/documentarray.js
161 silly gunzTarPerm modified mode [ 'lib/types/documentarray.js', 436, 420 ]
162 silly gunzTarPerm extractEntry lib/types/embedded.js
163 silly gunzTarPerm modified mode [ 'lib/types/embedded.js', 436, 420 ]
164 silly gunzTarPerm extractEntry lib/types/index.js
165 silly gunzTarPerm modified mode [ 'lib/types/index.js', 436, 420 ]
166 silly gunzTarPerm extractEntry lib/types/objectid.js
167 silly gunzTarPerm modified mode [ 'lib/types/objectid.js', 436, 420 ]
168 silly gunzTarPerm extractEntry lib/drivers/SPEC.md
169 silly gunzTarPerm modified mode [ 'lib/drivers/SPEC.md', 436, 420 ]
170 silly gunzTarPerm extractEntry lib/drivers/node-mongodb-native/binary.js
171 silly gunzTarPerm modified mode [ 'lib/drivers/node-mongodb-native/binary.js', 436, 420 ]
172 silly gunzTarPerm extractEntry lib/drivers/node-mongodb-native/collection.js
173 silly gunzTarPerm modified mode [ 'lib/drivers/node-mongodb-native/collection.js', 436, 420 ]
174 silly gunzTarPerm extractEntry lib/drivers/node-mongodb-native/connection.js
175 silly gunzTarPerm modified mode [ 'lib/drivers/node-mongodb-native/connection.js', 436, 420 ]
176 silly gunzTarPerm extractEntry lib/drivers/node-mongodb-native/objectid.js
177 silly gunzTarPerm modified mode [ 'lib/drivers/node-mongodb-native/objectid.js', 436, 420 ]
178 silly gunzTarPerm extractEntry examples/README.md
179 silly gunzTarPerm modified mode [ 'examples/README.md', 436, 420 ]
180 silly gunzTarPerm extractEntry examples/doc-methods.js
181 silly gunzTarPerm modified mode [ 'examples/doc-methods.js', 436, 420 ]
182 silly gunzTarPerm extractEntry examples/statics/person.js
183 silly gunzTarPerm modified mode [ 'examples/statics/person.js', 436, 420 ]
184 silly gunzTarPerm extractEntry examples/statics/statics.js
185 silly gunzTarPerm modified mode [ 'examples/statics/statics.js', 436, 420 ]
186 silly gunzTarPerm extractEntry examples/express/README.md
187 silly gunzTarPerm modified mode [ 'examples/express/README.md', 436, 420 ]
188 silly gunzTarPerm extractEntry examples/express/connection-sharing/package.json
189 silly gunzTarPerm modified mode [ 'examples/express/connection-sharing/package.json', 436, 420 ]
190 silly gunzTarPerm extractEntry examples/express/connection-sharing/README.md
191 silly gunzTarPerm modified mode [ 'examples/express/connection-sharing/README.md', 436, 420 ]
192 silly gunzTarPerm extractEntry examples/express/connection-sharing/app.js
193 silly gunzTarPerm modified mode [ 'examples/express/connection-sharing/app.js', 436, 420 ]
194 silly gunzTarPerm extractEntry examples/express/connection-sharing/modelA.js
195 silly gunzTarPerm modified mode [ 'examples/express/connection-sharing/modelA.js', 436, 420 ]
196 silly gunzTarPerm extractEntry examples/express/connection-sharing/routes.js
197 silly gunzTarPerm modified mode [ 'examples/express/connection-sharing/routes.js', 436, 420 ]
198 silly gunzTarPerm extractEntry examples/geospatial/package.json
199 silly gunzTarPerm modified mode [ 'examples/geospatial/package.json', 436, 420 ]
200 silly gunzTarPerm extractEntry examples/geospatial/geoJSONSchema.js
201 silly gunzTarPerm modified mode [ 'examples/geospatial/geoJSONSchema.js', 436, 420 ]
202 silly gunzTarPerm extractEntry examples/geospatial/geoJSONexample.js
203 silly gunzTarPerm modified mode [ 'examples/geospatial/geoJSONexample.js', 436, 420 ]
204 silly gunzTarPerm extractEntry examples/geospatial/geospatial.js
205 silly gunzTarPerm modified mode [ 'examples/geospatial/geospatial.js', 436, 420 ]
206 silly gunzTarPerm extractEntry examples/geospatial/person.js
207 silly gunzTarPerm modified mode [ 'examples/geospatial/person.js', 436, 420 ]
208 silly gunzTarPerm extractEntry examples/globalschemas/gs_example.js
209 silly gunzTarPerm modified mode [ 'examples/globalschemas/gs_example.js', 436, 420 ]
210 silly gunzTarPerm extractEntry examples/globalschemas/person.js
211 silly gunzTarPerm modified mode [ 'examples/globalschemas/person.js', 436, 420 ]
212 silly gunzTarPerm extractEntry examples/lean/package.json
213 silly gunzTarPerm modified mode [ 'examples/lean/package.json', 436, 420 ]
214 silly gunzTarPerm extractEntry examples/lean/lean.js
215 silly gunzTarPerm modified mode [ 'examples/lean/lean.js', 436, 420 ]
216 silly gunzTarPerm extractEntry examples/lean/person.js
217 silly gunzTarPerm modified mode [ 'examples/lean/person.js', 436, 420 ]
218 silly gunzTarPerm extractEntry examples/aggregate/package.json
219 silly gunzTarPerm modified mode [ 'examples/aggregate/package.json', 436, 420 ]
220 silly gunzTarPerm extractEntry examples/aggregate/aggregate.js
221 silly gunzTarPerm modified mode [ 'examples/aggregate/aggregate.js', 436, 420 ]
222 silly gunzTarPerm extractEntry examples/aggregate/person.js
223 silly gunzTarPerm modified mode [ 'examples/aggregate/person.js', 436, 420 ]
224 silly gunzTarPerm extractEntry examples/population/population-across-three-collections.js
225 silly gunzTarPerm modified mode [ 'examples/population/population-across-three-collections.js',
225 silly gunzTarPerm   436,
225 silly gunzTarPerm   420 ]
226 silly gunzTarPerm extractEntry examples/population/population-basic.js
227 silly gunzTarPerm modified mode [ 'examples/population/population-basic.js', 436, 420 ]
228 silly gunzTarPerm extractEntry examples/population/population-of-existing-doc.js
229 silly gunzTarPerm modified mode [ 'examples/population/population-of-existing-doc.js', 436, 420 ]
230 silly gunzTarPerm extractEntry examples/population/population-of-multiple-existing-docs.js
231 silly gunzTarPerm modified mode [ 'examples/population/population-of-multiple-existing-docs.js',
231 silly gunzTarPerm   436,
231 silly gunzTarPerm   420 ]
232 silly gunzTarPerm extractEntry examples/population/population-options.js
233 silly gunzTarPerm modified mode [ 'examples/population/population-options.js', 436, 420 ]
234 silly gunzTarPerm extractEntry examples/population/population-plain-objects.js
235 silly gunzTarPerm modified mode [ 'examples/population/population-plain-objects.js', 436, 420 ]
236 silly gunzTarPerm extractEntry examples/promises/package.json
237 silly gunzTarPerm modified mode [ 'examples/promises/package.json', 436, 420 ]
238 silly gunzTarPerm extractEntry examples/promises/person.js
239 silly gunzTarPerm modified mode [ 'examples/promises/person.js', 436, 420 ]
240 silly gunzTarPerm extractEntry examples/promises/promise.js
241 silly gunzTarPerm modified mode [ 'examples/promises/promise.js', 436, 420 ]
242 silly gunzTarPerm extractEntry examples/querybuilder/package.json
243 silly gunzTarPerm modified mode [ 'examples/querybuilder/package.json', 436, 420 ]
244 silly gunzTarPerm extractEntry examples/querybuilder/person.js
245 silly gunzTarPerm modified mode [ 'examples/querybuilder/person.js', 436, 420 ]
246 silly gunzTarPerm extractEntry examples/querybuilder/querybuilder.js
247 silly gunzTarPerm modified mode [ 'examples/querybuilder/querybuilder.js', 436, 420 ]
248 silly gunzTarPerm extractEntry examples/replicasets/package.json
249 silly gunzTarPerm modified mode [ 'examples/replicasets/package.json', 436, 420 ]
250 silly gunzTarPerm extractEntry examples/replicasets/person.js
251 silly gunzTarPerm modified mode [ 'examples/replicasets/person.js', 436, 420 ]
252 silly gunzTarPerm extractEntry examples/replicasets/replica-sets.js
253 silly gunzTarPerm modified mode [ 'examples/replicasets/replica-sets.js', 436, 420 ]
254 silly gunzTarPerm extractEntry examples/schema/schema.js
255 silly gunzTarPerm modified mode [ 'examples/schema/schema.js', 436, 420 ]
256 silly gunzTarPerm extractEntry examples/schema/storing-schemas-as-json/index.js
257 silly gunzTarPerm modified mode [ 'examples/schema/storing-schemas-as-json/index.js', 436, 420 ]
258 silly gunzTarPerm extractEntry examples/schema/storing-schemas-as-json/schema.json
259 silly gunzTarPerm modified mode [ 'examples/schema/storing-schemas-as-json/schema.json',
259 silly gunzTarPerm   436,
259 silly gunzTarPerm   420 ]
260 silly gunzTarPerm extractEntry examples/mapreduce/package.json
261 silly gunzTarPerm modified mode [ 'examples/mapreduce/package.json', 436, 420 ]
262 silly gunzTarPerm extractEntry examples/mapreduce/mapreduce.js
263 silly gunzTarPerm modified mode [ 'examples/mapreduce/mapreduce.js', 436, 420 ]
264 silly gunzTarPerm extractEntry examples/mapreduce/person.js
265 silly gunzTarPerm modified mode [ 'examples/mapreduce/person.js', 436, 420 ]
266 silly gunzTarPerm extractEntry p2.patch
267 silly gunzTarPerm modified mode [ 'p2.patch', 436, 420 ]
268 silly gunzTarPerm extractEntry History.md
269 silly gunzTarPerm modified mode [ 'History.md', 436, 420 ]
270 silly gunzTarPerm extractEntry release-items.md
271 silly gunzTarPerm modified mode [ 'release-items.md', 436, 420 ]
272 silly gunzTarPerm extractEntry CONTRIBUTING.md
273 silly gunzTarPerm modified mode [ 'CONTRIBUTING.md', 436, 420 ]
274 silly lockFile 433fca6e-ment-dnbot-node-modules-mongoose tar:///Users/jailbot/Documents/development/dnbot/node_modules/mongoose
275 silly lockFile 433fca6e-ment-dnbot-node-modules-mongoose tar:///Users/jailbot/Documents/development/dnbot/node_modules/mongoose
276 silly lockFile 8258df20--npm-mongoose-3-8-14-package-tgz tar:///Users/jailbot/.npm/mongoose/3.8.14/package.tgz
277 silly lockFile 8258df20--npm-mongoose-3-8-14-package-tgz tar:///Users/jailbot/.npm/mongoose/3.8.14/package.tgz
278 info preinstall mongoose@3.8.14
279 verbose readDependencies using package.json deps
280 verbose readDependencies using package.json deps
281 verbose cache add [ 'ms@0.1.0', null ]
282 verbose cache add spec="ms@0.1.0" args=["ms@0.1.0",null]
283 verbose cache add [ 'mongodb@1.4.7', null ]
284 verbose cache add spec="mongodb@1.4.7" args=["mongodb@1.4.7",null]
285 verbose cache add [ 'hooks@0.2.1', null ]
286 verbose cache add spec="hooks@0.2.1" args=["hooks@0.2.1",null]
287 verbose cache add [ 'sliced@0.0.5', null ]
288 verbose cache add spec="sliced@0.0.5" args=["sliced@0.0.5",null]
289 verbose cache add [ 'muri@0.3.1', null ]
290 verbose cache add spec="muri@0.3.1" args=["muri@0.3.1",null]
291 verbose cache add [ 'mpromise@0.4.3', null ]
292 verbose cache add spec="mpromise@0.4.3" args=["mpromise@0.4.3",null]
293 verbose cache add [ 'mpath@0.1.1', null ]
294 verbose cache add spec="mpath@0.1.1" args=["mpath@0.1.1",null]
295 verbose cache add [ 'regexp-clone@0.0.1', null ]
296 verbose cache add spec="regexp-clone@0.0.1" args=["regexp-clone@0.0.1",null]
297 verbose cache add [ 'mquery@0.8.0', null ]
298 verbose cache add spec="mquery@0.8.0" args=["mquery@0.8.0",null]
299 verbose parsed spec { raw: 'ms@0.1.0',
299 verbose parsed spec   scope: null,
299 verbose parsed spec   name: 'ms',
299 verbose parsed spec   rawSpec: '0.1.0',
299 verbose parsed spec   spec: '0.1.0',
299 verbose parsed spec   type: 'version' }
300 verbose addNamed [ 'ms', '0.1.0' ]
301 verbose addNamed [ '0.1.0', '0.1.0' ]
302 silly lockFile 9555626c-ms-0-1-0 ms@0.1.0
303 verbose lock ms@0.1.0 /Users/jailbot/.npm/9555626c-ms-0-1-0.lock
304 verbose parsed spec { raw: 'mongodb@1.4.7',
304 verbose parsed spec   scope: null,
304 verbose parsed spec   name: 'mongodb',
304 verbose parsed spec   rawSpec: '1.4.7',
304 verbose parsed spec   spec: '1.4.7',
304 verbose parsed spec   type: 'version' }
305 verbose addNamed [ 'mongodb', '1.4.7' ]
306 verbose addNamed [ '1.4.7', '1.4.7' ]
307 silly lockFile dd6d84cd-mongodb-1-4-7 mongodb@1.4.7
308 verbose lock mongodb@1.4.7 /Users/jailbot/.npm/dd6d84cd-mongodb-1-4-7.lock
309 verbose parsed spec { raw: 'hooks@0.2.1',
309 verbose parsed spec   scope: null,
309 verbose parsed spec   name: 'hooks',
309 verbose parsed spec   rawSpec: '0.2.1',
309 verbose parsed spec   spec: '0.2.1',
309 verbose parsed spec   type: 'version' }
310 verbose addNamed [ 'hooks', '0.2.1' ]
311 verbose addNamed [ '0.2.1', '0.2.1' ]
312 silly lockFile 207ce50b-hooks-0-2-1 hooks@0.2.1
313 verbose lock hooks@0.2.1 /Users/jailbot/.npm/207ce50b-hooks-0-2-1.lock
314 verbose parsed spec { raw: 'muri@0.3.1',
314 verbose parsed spec   scope: null,
314 verbose parsed spec   name: 'muri',
314 verbose parsed spec   rawSpec: '0.3.1',
314 verbose parsed spec   spec: '0.3.1',
314 verbose parsed spec   type: 'version' }
315 verbose addNamed [ 'muri', '0.3.1' ]
316 verbose addNamed [ '0.3.1', '0.3.1' ]
317 silly lockFile 01b66c9e-muri-0-3-1 muri@0.3.1
318 verbose lock muri@0.3.1 /Users/jailbot/.npm/01b66c9e-muri-0-3-1.lock
319 verbose parsed spec { raw: 'sliced@0.0.5',
319 verbose parsed spec   scope: null,
319 verbose parsed spec   name: 'sliced',
319 verbose parsed spec   rawSpec: '0.0.5',
319 verbose parsed spec   spec: '0.0.5',
319 verbose parsed spec   type: 'version' }
320 verbose addNamed [ 'sliced', '0.0.5' ]
321 verbose addNamed [ '0.0.5', '0.0.5' ]
322 silly lockFile 146acdb0-sliced-0-0-5 sliced@0.0.5
323 verbose lock sliced@0.0.5 /Users/jailbot/.npm/146acdb0-sliced-0-0-5.lock
324 verbose parsed spec { raw: 'mpromise@0.4.3',
324 verbose parsed spec   scope: null,
324 verbose parsed spec   name: 'mpromise',
324 verbose parsed spec   rawSpec: '0.4.3',
324 verbose parsed spec   spec: '0.4.3',
324 verbose parsed spec   type: 'version' }
325 verbose addNamed [ 'mpromise', '0.4.3' ]
326 verbose addNamed [ '0.4.3', '0.4.3' ]
327 silly lockFile 70229a2d-mpromise-0-4-3 mpromise@0.4.3
328 verbose lock mpromise@0.4.3 /Users/jailbot/.npm/70229a2d-mpromise-0-4-3.lock
329 verbose parsed spec { raw: 'mpath@0.1.1',
329 verbose parsed spec   scope: null,
329 verbose parsed spec   name: 'mpath',
329 verbose parsed spec   rawSpec: '0.1.1',
329 verbose parsed spec   spec: '0.1.1',
329 verbose parsed spec   type: 'version' }
330 verbose addNamed [ 'mpath', '0.1.1' ]
331 verbose addNamed [ '0.1.1', '0.1.1' ]
332 silly lockFile 7ed304e1-mpath-0-1-1 mpath@0.1.1
333 verbose lock mpath@0.1.1 /Users/jailbot/.npm/7ed304e1-mpath-0-1-1.lock
334 verbose parsed spec { raw: 'regexp-clone@0.0.1',
334 verbose parsed spec   scope: null,
334 verbose parsed spec   name: 'regexp-clone',
334 verbose parsed spec   rawSpec: '0.0.1',
334 verbose parsed spec   spec: '0.0.1',
334 verbose parsed spec   type: 'version' }
335 verbose addNamed [ 'regexp-clone', '0.0.1' ]
336 verbose addNamed [ '0.0.1', '0.0.1' ]
337 silly lockFile c8264751-regexp-clone-0-0-1 regexp-clone@0.0.1
338 verbose lock regexp-clone@0.0.1 /Users/jailbot/.npm/c8264751-regexp-clone-0-0-1.lock
339 verbose parsed spec { raw: 'mquery@0.8.0',
339 verbose parsed spec   scope: null,
339 verbose parsed spec   name: 'mquery',
339 verbose parsed spec   rawSpec: '0.8.0',
339 verbose parsed spec   spec: '0.8.0',
339 verbose parsed spec   type: 'version' }
340 verbose addNamed [ 'mquery', '0.8.0' ]
341 verbose addNamed [ '0.8.0', '0.8.0' ]
342 silly lockFile 32e4bd82-mquery-0-8-0 mquery@0.8.0
343 verbose lock mquery@0.8.0 /Users/jailbot/.npm/32e4bd82-mquery-0-8-0.lock
344 verbose mapToRegistry name ms
345 verbose mapToRegistry uri https://registry.npmjs.org/ms
346 verbose mapToRegistry name mongodb
347 verbose mapToRegistry uri https://registry.npmjs.org/mongodb
348 verbose mapToRegistry name hooks
349 verbose mapToRegistry uri https://registry.npmjs.org/hooks
350 verbose mapToRegistry name muri
351 verbose mapToRegistry uri https://registry.npmjs.org/muri
352 verbose mapToRegistry name sliced
353 verbose mapToRegistry uri https://registry.npmjs.org/sliced
354 verbose mapToRegistry name mpromise
355 verbose mapToRegistry uri https://registry.npmjs.org/mpromise
356 verbose mapToRegistry name mpath
357 verbose mapToRegistry uri https://registry.npmjs.org/mpath
358 verbose mapToRegistry name regexp-clone
359 verbose mapToRegistry uri https://registry.npmjs.org/regexp-clone
360 verbose request where is /hooks
361 verbose request registry https://registry.npmjs.org/
362 verbose request url raw /hooks
363 verbose request url resolving [ 'https://registry.npmjs.org/', './hooks' ]
364 verbose request url resolved https://registry.npmjs.org/hooks
365 verbose request where is https://registry.npmjs.org/hooks
366 verbose request no basic auth needed
367 info trying registry request attempt 1 at 21:44:08
368 http GET https://registry.npmjs.org/hooks
369 verbose request where is /muri
370 verbose request registry https://registry.npmjs.org/
371 verbose request url raw /muri
372 verbose request url resolving [ 'https://registry.npmjs.org/', './muri' ]
373 verbose request url resolved https://registry.npmjs.org/muri
374 verbose request where is https://registry.npmjs.org/muri
375 verbose request no basic auth needed
376 info trying registry request attempt 1 at 21:44:08
377 http GET https://registry.npmjs.org/muri
378 verbose request where is /sliced
379 verbose request registry https://registry.npmjs.org/
380 verbose request url raw /sliced
381 verbose request url resolving [ 'https://registry.npmjs.org/', './sliced' ]
382 verbose request url resolved https://registry.npmjs.org/sliced
383 verbose request where is https://registry.npmjs.org/sliced
384 verbose request no basic auth needed
385 info trying registry request attempt 1 at 21:44:08
386 http GET https://registry.npmjs.org/sliced
387 verbose request where is /mpromise
388 verbose request registry https://registry.npmjs.org/
389 verbose request url raw /mpromise
390 verbose request url resolving [ 'https://registry.npmjs.org/', './mpromise' ]
391 verbose request url resolved https://registry.npmjs.org/mpromise
392 verbose request where is https://registry.npmjs.org/mpromise
393 verbose request no basic auth needed
394 info trying registry request attempt 1 at 21:44:08
395 http GET https://registry.npmjs.org/mpromise
396 verbose request where is /mpath
397 verbose request registry https://registry.npmjs.org/
398 verbose request url raw /mpath
399 verbose request url resolving [ 'https://registry.npmjs.org/', './mpath' ]
400 verbose request url resolved https://registry.npmjs.org/mpath
401 verbose request where is https://registry.npmjs.org/mpath
402 verbose request no basic auth needed
403 info trying registry request attempt 1 at 21:44:08
404 http GET https://registry.npmjs.org/mpath
405 verbose mapToRegistry name mquery
406 verbose mapToRegistry uri https://registry.npmjs.org/mquery
407 verbose request where is /regexp-clone
408 verbose request registry https://registry.npmjs.org/
409 verbose request url raw /regexp-clone
410 verbose request url resolving [ 'https://registry.npmjs.org/', './regexp-clone' ]
411 verbose request url resolved https://registry.npmjs.org/regexp-clone
412 verbose request where is https://registry.npmjs.org/regexp-clone
413 verbose request no basic auth needed
414 info trying registry request attempt 1 at 21:44:08
415 http GET https://registry.npmjs.org/regexp-clone
416 verbose request where is /mquery
417 verbose request registry https://registry.npmjs.org/
418 verbose request url raw /mquery
419 verbose request url resolving [ 'https://registry.npmjs.org/', './mquery' ]
420 verbose request url resolved https://registry.npmjs.org/mquery
421 verbose request where is https://registry.npmjs.org/mquery
422 verbose request no basic auth needed
423 info trying registry request attempt 1 at 21:44:08
424 http GET https://registry.npmjs.org/mquery
425 verbose request where is /ms
426 verbose request registry https://registry.npmjs.org/
427 verbose request url raw /ms
428 verbose request url resolving [ 'https://registry.npmjs.org/', './ms' ]
429 verbose request url resolved https://registry.npmjs.org/ms
430 verbose request where is https://registry.npmjs.org/ms
431 verbose request no basic auth needed
432 info trying registry request attempt 1 at 21:44:08
433 verbose etag "DRQK83FN5JEKTMC2Y495ICOH"
434 http GET https://registry.npmjs.org/ms
435 verbose request where is /mongodb
436 verbose request registry https://registry.npmjs.org/
437 verbose request url raw /mongodb
438 verbose request url resolving [ 'https://registry.npmjs.org/', './mongodb' ]
439 verbose request url resolved https://registry.npmjs.org/mongodb
440 verbose request where is https://registry.npmjs.org/mongodb
441 verbose request no basic auth needed
442 info trying registry request attempt 1 at 21:44:08
443 verbose etag "YZ5DBWQLTDG9Z29IKE991D5D"
444 http GET https://registry.npmjs.org/mongodb
445 http 200 https://registry.npmjs.org/muri
446 silly registry.get cb [ 200,
446 silly registry.get   { date: 'Wed, 06 Aug 2014 02:44:09 GMT',
446 silly registry.get     server: 'CouchDB/1.5.0 (Erlang OTP/R16B03)',
446 silly registry.get     etag: '"4V2MBHMYM1PHUUBKHDKGN9K58"',
446 silly registry.get     'content-type': 'application/json',
446 silly registry.get     'cache-control': 'max-age=60',
446 silly registry.get     'content-length': '22533',
446 silly registry.get     'accept-ranges': 'bytes',
446 silly registry.get     via: '1.1 varnish',
446 silly registry.get     age: '1645',
446 silly registry.get     'x-served-by': 'cache-dfw1829-DFW',
446 silly registry.get     'x-cache': 'HIT',
446 silly registry.get     'x-cache-hits': '1',
446 silly registry.get     'x-timer': 'S1407293049.333562,VS0,VE186',
446 silly registry.get     vary: 'Accept',
446 silly registry.get     'keep-alive': 'timeout=10, max=50',
446 silly registry.get     connection: 'Keep-Alive' } ]
447 silly lockFile 03f6556a-ry-npmjs-org-muri-muri-0-3-1-tgz https://registry.npmjs.org/muri/-/muri-0.3.1.tgz
448 verbose lock https://registry.npmjs.org/muri/-/muri-0.3.1.tgz /Users/jailbot/.npm/03f6556a-ry-npmjs-org-muri-muri-0-3-1-tgz.lock
449 verbose addRemoteTarball [ 'https://registry.npmjs.org/muri/-/muri-0.3.1.tgz',
449 verbose addRemoteTarball   '861889c5c857f1a43700bee85d50731f61727c9a' ]
450 info retry fetch attempt 1 at 21:44:08
451 verbose fetch to= /var/folders/mf/zp8xwrl1179d75ntlh2lm14r0000gn/T/npm-2782-9WrwxqmZ/registry.npmjs.org/muri/-/muri-0.3.1.tgz
452 http GET https://registry.npmjs.org/muri/-/muri-0.3.1.tgz
453 http 200 https://registry.npmjs.org/mpromise
454 silly registry.get cb [ 200,
454 silly registry.get   { date: 'Wed, 06 Aug 2014 02:44:09 GMT',
454 silly registry.get     server: 'CouchDB/1.5.0 (Erlang OTP/R14B04)',
454 silly registry.get     etag: '"D83YQ8O4NR8N6XKV67PPFK6LM"',
454 silly registry.get     'content-type': 'application/json',
454 silly registry.get     'cache-control': 'max-age=60',
454 silly registry.get     'content-length': '16464',
454 silly registry.get     'accept-ranges': 'bytes',
454 silly registry.get     via: '1.1 varnish',
454 silly registry.get     age: '4373',
454 silly registry.get     'x-served-by': 'cache-dfw1828-DFW',
454 silly registry.get     'x-cache': 'HIT',
454 silly registry.get     'x-cache-hits': '1',
454 silly registry.get     'x-timer': 'S1407293049.347941,VS0,VE191',
454 silly registry.get     vary: 'Accept',
454 silly registry.get     'keep-alive': 'timeout=10, max=50',
454 silly registry.get     connection: 'Keep-Alive' } ]
455 silly lockFile c1e88908--org-mpromise-mpromise-0-4-3-tgz https://registry.npmjs.org/mpromise/-/mpromise-0.4.3.tgz
456 verbose lock https://registry.npmjs.org/mpromise/-/mpromise-0.4.3.tgz /Users/jailbot/.npm/c1e88908--org-mpromise-mpromise-0-4-3-tgz.lock
457 verbose addRemoteTarball [ 'https://registry.npmjs.org/mpromise/-/mpromise-0.4.3.tgz',
457 verbose addRemoteTarball   'edc47a75a2a177b0e9382735db52dbec3808cc33' ]
458 info retry fetch attempt 1 at 21:44:08
459 verbose fetch to= /var/folders/mf/zp8xwrl1179d75ntlh2lm14r0000gn/T/npm-2782-9WrwxqmZ/registry.npmjs.org/mpromise/-/mpromise-0.4.3.tgz
460 http GET https://registry.npmjs.org/mpromise/-/mpromise-0.4.3.tgz
461 http 200 https://registry.npmjs.org/hooks
462 silly registry.get cb [ 200,
462 silly registry.get   { date: 'Wed, 06 Aug 2014 02:44:09 GMT',
462 silly registry.get     server: 'CouchDB/1.5.0 (Erlang OTP/R14B04)',
462 silly registry.get     etag: '"GNJD0F91LN37PN6NBDMVHN6Y"',
462 silly registry.get     'content-type': 'application/json',
462 silly registry.get     'cache-control': 'max-age=60',
462 silly registry.get     'content-length': '87347',
462 silly registry.get     'accept-ranges': 'bytes',
462 silly registry.get     via: '1.1 varnish',
462 silly registry.get     age: '4453',
462 silly registry.get     'x-served-by': 'cache-dfw1823-DFW',
462 silly registry.get     'x-cache': 'HIT',
462 silly registry.get     'x-cache-hits': '1',
462 silly registry.get     'x-timer': 'S1407293049.333325,VS0,VE56',
462 silly registry.get     vary: 'Accept',
462 silly registry.get     'keep-alive': 'timeout=10, max=50',
462 silly registry.get     connection: 'Keep-Alive' } ]
463 silly lockFile 118c1308--npmjs-org-hooks-hooks-0-2-1-tgz https://registry.npmjs.org/hooks/-/hooks-0.2.1.tgz
464 verbose lock https://registry.npmjs.org/hooks/-/hooks-0.2.1.tgz /Users/jailbot/.npm/118c1308--npmjs-org-hooks-hooks-0-2-1-tgz.lock
465 verbose addRemoteTarball [ 'https://registry.npmjs.org/hooks/-/hooks-0.2.1.tgz',
465 verbose addRemoteTarball   '0f591b1b344bdcb3df59773f62fbbaf85bf4028b' ]
466 info retry fetch attempt 1 at 21:44:08
467 verbose fetch to= /var/folders/mf/zp8xwrl1179d75ntlh2lm14r0000gn/T/npm-2782-9WrwxqmZ/registry.npmjs.org/hooks/-/hooks-0.2.1.tgz
468 http GET https://registry.npmjs.org/hooks/-/hooks-0.2.1.tgz
469 http 200 https://registry.npmjs.org/sliced
470 silly registry.get cb [ 200,
470 silly registry.get   { date: 'Wed, 06 Aug 2014 02:44:09 GMT',
470 silly registry.get     server: 'CouchDB/1.5.0 (Erlang OTP/R16B03)',
470 silly registry.get     etag: '"BKQ5EG1A2UE6OWLFODGPPX1ON"',
470 silly registry.get     'content-type': 'application/json',
470 silly registry.get     'cache-control': 'max-age=60',
470 silly registry.get     'content-length': '16904',
470 silly registry.get     'accept-ranges': 'bytes',
470 silly registry.get     via: '1.1 varnish',
470 silly registry.get     age: '12719',
470 silly registry.get     'x-served-by': 'cache-dfw1823-DFW',
470 silly registry.get     'x-cache': 'HIT',
470 silly registry.get     'x-cache-hits': '1',
470 silly registry.get     'x-timer': 'S1407293049.325964,VS0,VE234',
470 silly registry.get     vary: 'Accept',
470 silly registry.get     'keep-alive': 'timeout=10, max=50',
470 silly registry.get     connection: 'Keep-Alive' } ]
471 silly lockFile de0d6290-pmjs-org-sliced-sliced-0-0-5-tgz https://registry.npmjs.org/sliced/-/sliced-0.0.5.tgz
472 verbose lock https://registry.npmjs.org/sliced/-/sliced-0.0.5.tgz /Users/jailbot/.npm/de0d6290-pmjs-org-sliced-sliced-0-0-5-tgz.lock
473 verbose addRemoteTarball [ 'https://registry.npmjs.org/sliced/-/sliced-0.0.5.tgz',
473 verbose addRemoteTarball   '5edc044ca4eb6f7816d50ba2fc63e25d8fe4707f' ]
474 info retry fetch attempt 1 at 21:44:08
475 verbose fetch to= /var/folders/mf/zp8xwrl1179d75ntlh2lm14r0000gn/T/npm-2782-9WrwxqmZ/registry.npmjs.org/sliced/-/sliced-0.0.5.tgz
476 http GET https://registry.npmjs.org/sliced/-/sliced-0.0.5.tgz
477 http 304 https://registry.npmjs.org/ms
478 silly registry.get cb [ 304,
478 silly registry.get   { date: 'Wed, 06 Aug 2014 02:44:09 GMT',
478 silly registry.get     server: 'Apache',
478 silly registry.get     via: '1.1 varnish',
478 silly registry.get     'last-modified': 'Wed, 06 Aug 2014 02:43:27 GMT',
478 silly registry.get     'cache-control': 'max-age=60',
478 silly registry.get     etag: '"DRQK83FN5JEKTMC2Y495ICOH"',
478 silly registry.get     'x-served-by': 'cache-dfw1823-DFW',
478 silly registry.get     'x-cache': 'HIT',
478 silly registry.get     'x-cache-hits': '2',
478 silly registry.get     'x-timer': 'S1407293049.649179,VS0,VE0',
478 silly registry.get     vary: 'Accept',
478 silly registry.get     'content-length': '0',
478 silly registry.get     'keep-alive': 'timeout=10, max=49',
478 silly registry.get     connection: 'Keep-Alive' } ]
479 verbose etag https://registry.npmjs.org/ms from cache
480 silly lockFile 8b5d9006-gistry-npmjs-org-ms-ms-0-1-0-tgz https://registry.npmjs.org/ms/-/ms-0.1.0.tgz
481 verbose lock https://registry.npmjs.org/ms/-/ms-0.1.0.tgz /Users/jailbot/.npm/8b5d9006-gistry-npmjs-org-ms-ms-0-1-0-tgz.lock
482 verbose addRemoteTarball [ 'https://registry.npmjs.org/ms/-/ms-0.1.0.tgz',
482 verbose addRemoteTarball   'f21fac490daf1d7667fd180fe9077389cc9442b2' ]
483 info retry fetch attempt 1 at 21:44:08
484 verbose fetch to= /var/folders/mf/zp8xwrl1179d75ntlh2lm14r0000gn/T/npm-2782-9WrwxqmZ/registry.npmjs.org/ms/-/ms-0.1.0.tgz
485 http GET https://registry.npmjs.org/ms/-/ms-0.1.0.tgz
486 http 304 https://registry.npmjs.org/mongodb
487 silly registry.get cb [ 304,
487 silly registry.get   { date: 'Wed, 06 Aug 2014 02:44:09 GMT',
487 silly registry.get     server: 'Apache',
487 silly registry.get     via: '1.1 varnish',
487 silly registry.get     'last-modified': 'Wed, 06 Aug 2014 02:43:50 GMT',
487 silly registry.get     'cache-control': 'max-age=60',
487 silly registry.get     etag: '"YZ5DBWQLTDG9Z29IKE991D5D"',
487 silly registry.get     'x-served-by': 'cache-dfw1823-DFW',
487 silly registry.get     'x-cache': 'HIT',
487 silly registry.get     'x-cache-hits': '2',
487 silly registry.get     'x-timer': 'S1407293049.666748,VS0,VE0',
487 silly registry.get     vary: 'Accept',
487 silly registry.get     'content-length': '0',
487 silly registry.get     'keep-alive': 'timeout=10, max=49',
487 silly registry.get     connection: 'Keep-Alive' } ]
488 verbose etag https://registry.npmjs.org/mongodb from cache
489 http 200 https://registry.npmjs.org/mpath
490 silly registry.get cb [ 200,
490 silly registry.get   { date: 'Wed, 06 Aug 2014 02:44:09 GMT',
490 silly registry.get     server: 'CouchDB/1.5.0 (Erlang OTP/R16B03)',
490 silly registry.get     etag: '"CYMZ16AYV7LNSU35I0VYY6MI7"',
490 silly registry.get     'content-type': 'application/json',
490 silly registry.get     'cache-control': 'max-age=60',
490 silly registry.get     'content-length': '39648',
490 silly registry.get     'accept-ranges': 'bytes',
490 silly registry.get     via: '1.1 varnish',
490 silly registry.get     age: '2568',
490 silly registry.get     'x-served-by': 'cache-dfw1831-DFW',
490 silly registry.get     'x-cache': 'HIT',
490 silly registry.get     'x-cache-hits': '1',
490 silly registry.get     'x-timer': 'S1407293049.345764,VS0,VE239',
490 silly registry.get     vary: 'Accept',
490 silly registry.get     'keep-alive': 'timeout=10, max=50',
490 silly registry.get     connection: 'Keep-Alive' } ]
491 silly lockFile 5ddcd98f-js-org-mongodb-mongodb-1-4-7-tgz https://registry.npmjs.org/mongodb/-/mongodb-1.4.7.tgz
492 verbose lock https://registry.npmjs.org/mongodb/-/mongodb-1.4.7.tgz /Users/jailbot/.npm/5ddcd98f-js-org-mongodb-mongodb-1-4-7-tgz.lock
493 silly lockFile 88623af3--npmjs-org-mpath-mpath-0-1-1-tgz https://registry.npmjs.org/mpath/-/mpath-0.1.1.tgz
494 verbose lock https://registry.npmjs.org/mpath/-/mpath-0.1.1.tgz /Users/jailbot/.npm/88623af3--npmjs-org-mpath-mpath-0-1-1-tgz.lock
495 verbose addRemoteTarball [ 'https://registry.npmjs.org/mongodb/-/mongodb-1.4.7.tgz',
495 verbose addRemoteTarball   'f605b5d43c6c018c7d56d2fb53984dd60a7be128' ]
496 verbose addRemoteTarball [ 'https://registry.npmjs.org/mpath/-/mpath-0.1.1.tgz',
496 verbose addRemoteTarball   '23da852b7c232ee097f4759d29c0ee9cd22d5e46' ]
497 info retry fetch attempt 1 at 21:44:08
498 verbose fetch to= /var/folders/mf/zp8xwrl1179d75ntlh2lm14r0000gn/T/npm-2782-9WrwxqmZ/registry.npmjs.org/mongodb/-/mongodb-1.4.7.tgz
499 info retry fetch attempt 1 at 21:44:08
500 verbose fetch to= /var/folders/mf/zp8xwrl1179d75ntlh2lm14r0000gn/T/npm-2782-9WrwxqmZ/registry.npmjs.org/mpath/-/mpath-0.1.1.tgz
501 http GET https://registry.npmjs.org/mongodb/-/mongodb-1.4.7.tgz
502 http GET https://registry.npmjs.org/mpath/-/mpath-0.1.1.tgz
503 http 200 https://registry.npmjs.org/regexp-clone
504 silly registry.get cb [ 200,
504 silly registry.get   { date: 'Wed, 06 Aug 2014 02:44:09 GMT',
504 silly registry.get     server: 'CouchDB/1.5.0 (Erlang OTP/R16B03)',
504 silly registry.get     etag: '"BGYYW6GDIB1DXQ8WCB5PHH24J"',
504 silly registry.get     'content-type': 'application/json',
504 silly registry.get     'cache-control': 'max-age=60',
504 silly registry.get     'content-length': '2145',
504 silly registry.get     'accept-ranges': 'bytes',
504 silly registry.get     via: '1.1 varnish',
504 silly registry.get     age: '313',
504 silly registry.get     'x-served-by': 'cache-dfw1829-DFW',
504 silly registry.get     'x-cache': 'MISS',
504 silly registry.get     'x-cache-hits': '0',
504 silly registry.get     'x-timer': 'S1407293049.625356,VS0,VE183',
504 silly registry.get     vary: 'Accept',
504 silly registry.get     'keep-alive': 'timeout=10, max=49',
504 silly registry.get     connection: 'Keep-Alive' } ]
505 http 200 https://registry.npmjs.org/muri/-/muri-0.3.1.tgz
506 silly lockFile c14d1afe-exp-clone-regexp-clone-0-0-1-tgz https://registry.npmjs.org/regexp-clone/-/regexp-clone-0.0.1.tgz
507 verbose lock https://registry.npmjs.org/regexp-clone/-/regexp-clone-0.0.1.tgz /Users/jailbot/.npm/c14d1afe-exp-clone-regexp-clone-0-0-1-tgz.lock
508 verbose addRemoteTarball [ 'https://registry.npmjs.org/regexp-clone/-/regexp-clone-0.0.1.tgz',
508 verbose addRemoteTarball   'a7c2e09891fdbf38fbb10d376fb73003e68ac589' ]
509 info retry fetch attempt 1 at 21:44:08
510 verbose fetch to= /var/folders/mf/zp8xwrl1179d75ntlh2lm14r0000gn/T/npm-2782-9WrwxqmZ/registry.npmjs.org/regexp-clone/-/regexp-clone-0.0.1.tgz
511 http GET https://registry.npmjs.org/regexp-clone/-/regexp-clone-0.0.1.tgz
512 silly lockFile 03f6556a-ry-npmjs-org-muri-muri-0-3-1-tgz https://registry.npmjs.org/muri/-/muri-0.3.1.tgz
513 silly lockFile 03f6556a-ry-npmjs-org-muri-muri-0-3-1-tgz https://registry.npmjs.org/muri/-/muri-0.3.1.tgz
514 silly lockFile 01b66c9e-muri-0-3-1 muri@0.3.1
515 silly lockFile 01b66c9e-muri-0-3-1 muri@0.3.1
516 http 200 https://registry.npmjs.org/mpromise/-/mpromise-0.4.3.tgz
517 http 200 https://registry.npmjs.org/hooks/-/hooks-0.2.1.tgz
518 silly lockFile 118c1308--npmjs-org-hooks-hooks-0-2-1-tgz https://registry.npmjs.org/hooks/-/hooks-0.2.1.tgz
519 silly lockFile 118c1308--npmjs-org-hooks-hooks-0-2-1-tgz https://registry.npmjs.org/hooks/-/hooks-0.2.1.tgz
520 silly lockFile 207ce50b-hooks-0-2-1 hooks@0.2.1
521 silly lockFile 207ce50b-hooks-0-2-1 hooks@0.2.1
522 http 200 https://registry.npmjs.org/mongodb/-/mongodb-1.4.7.tgz
523 http 200 https://registry.npmjs.org/sliced/-/sliced-0.0.5.tgz
524 http 200 https://registry.npmjs.org/mpath/-/mpath-0.1.1.tgz
525 http 200 https://registry.npmjs.org/ms/-/ms-0.1.0.tgz
526 silly lockFile c1e88908--org-mpromise-mpromise-0-4-3-tgz https://registry.npmjs.org/mpromise/-/mpromise-0.4.3.tgz
527 silly lockFile c1e88908--org-mpromise-mpromise-0-4-3-tgz https://registry.npmjs.org/mpromise/-/mpromise-0.4.3.tgz
528 silly lockFile 70229a2d-mpromise-0-4-3 mpromise@0.4.3
529 silly lockFile 70229a2d-mpromise-0-4-3 mpromise@0.4.3
530 silly lockFile de0d6290-pmjs-org-sliced-sliced-0-0-5-tgz https://registry.npmjs.org/sliced/-/sliced-0.0.5.tgz
531 silly lockFile de0d6290-pmjs-org-sliced-sliced-0-0-5-tgz https://registry.npmjs.org/sliced/-/sliced-0.0.5.tgz
532 silly lockFile 146acdb0-sliced-0-0-5 sliced@0.0.5
533 silly lockFile 146acdb0-sliced-0-0-5 sliced@0.0.5
534 silly lockFile 88623af3--npmjs-org-mpath-mpath-0-1-1-tgz https://registry.npmjs.org/mpath/-/mpath-0.1.1.tgz
535 silly lockFile 88623af3--npmjs-org-mpath-mpath-0-1-1-tgz https://registry.npmjs.org/mpath/-/mpath-0.1.1.tgz
536 silly lockFile 7ed304e1-mpath-0-1-1 mpath@0.1.1
537 silly lockFile 7ed304e1-mpath-0-1-1 mpath@0.1.1
538 http 200 https://registry.npmjs.org/regexp-clone/-/regexp-clone-0.0.1.tgz
539 silly lockFile c14d1afe-exp-clone-regexp-clone-0-0-1-tgz https://registry.npmjs.org/regexp-clone/-/regexp-clone-0.0.1.tgz
540 silly lockFile c14d1afe-exp-clone-regexp-clone-0-0-1-tgz https://registry.npmjs.org/regexp-clone/-/regexp-clone-0.0.1.tgz
541 silly lockFile c8264751-regexp-clone-0-0-1 regexp-clone@0.0.1
542 silly lockFile c8264751-regexp-clone-0-0-1 regexp-clone@0.0.1
543 http 200 https://registry.npmjs.org/mquery
544 silly registry.get cb [ 200,
544 silly registry.get   { date: 'Wed, 06 Aug 2014 02:44:09 GMT',
544 silly registry.get     server: 'CouchDB/1.5.0 (Erlang OTP/R16B03)',
544 silly registry.get     etag: '"735BDG34HVJGBY3J0T873UXEN"',
544 silly registry.get     'content-type': 'application/json',
544 silly registry.get     'cache-control': 'max-age=60',
544 silly registry.get     'content-length': '65611',
544 silly registry.get     'accept-ranges': 'bytes',
544 silly registry.get     via: '1.1 varnish',
544 silly registry.get     age: '1092',
544 silly registry.get     'x-served-by': 'cache-dfw1828-DFW',
544 silly registry.get     'x-cache': 'MISS',
544 silly registry.get     'x-cache-hits': '0',
544 silly registry.get     'x-timer': 'S1407293049.646748,VS0,VE203',
544 silly registry.get     vary: 'Accept',
544 silly registry.get     'keep-alive': 'timeout=10, max=49',
544 silly registry.get     connection: 'Keep-Alive' } ]
545 silly lockFile 9b1935a2-pmjs-org-mquery-mquery-0-8-0-tgz https://registry.npmjs.org/mquery/-/mquery-0.8.0.tgz
546 verbose lock https://registry.npmjs.org/mquery/-/mquery-0.8.0.tgz /Users/jailbot/.npm/9b1935a2-pmjs-org-mquery-mquery-0-8-0-tgz.lock
547 verbose addRemoteTarball [ 'https://registry.npmjs.org/mquery/-/mquery-0.8.0.tgz',
547 verbose addRemoteTarball   '1e5b8c2a5a52f5583bd08932700b85440ee25f60' ]
548 info retry fetch attempt 1 at 21:44:09
549 verbose fetch to= /var/folders/mf/zp8xwrl1179d75ntlh2lm14r0000gn/T/npm-2782-9WrwxqmZ/registry.npmjs.org/mquery/-/mquery-0.8.0.tgz
550 http GET https://registry.npmjs.org/mquery/-/mquery-0.8.0.tgz
551 silly lockFile 8b5d9006-gistry-npmjs-org-ms-ms-0-1-0-tgz https://registry.npmjs.org/ms/-/ms-0.1.0.tgz
552 silly lockFile 8b5d9006-gistry-npmjs-org-ms-ms-0-1-0-tgz https://registry.npmjs.org/ms/-/ms-0.1.0.tgz
553 silly lockFile 9555626c-ms-0-1-0 ms@0.1.0
554 silly lockFile 9555626c-ms-0-1-0 ms@0.1.0
555 verbose about to build /Users/jailbot/Documents/development/dnbot/node_modules/mongoose
556 verbose node_modules/mongoose unbuild
557 info preuninstall mongoose@3.8.14
558 info uninstall mongoose@3.8.14
559 verbose true,/Users/jailbot/Documents/development/dnbot/node_modules,/Users/jailbot/Documents/development/dnbot/node_modules unbuild mongoose@3.8.14
560 info postuninstall mongoose@3.8.14
561 verbose gentlyRm vacuuming /Users/jailbot/Documents/development/dnbot/node_modules/mongoose
562 silly gentlyRm purging /Users/jailbot/Documents/development/dnbot/node_modules/mongoose
563 silly gentlyRm quitting because other entries in /Users/jailbot/Documents/development/dnbot/node_modules
564 error Error: EACCES, mkdir '/Users/jailbot/.npm/ms/0.1.0'
564 error  { [Error: EACCES, mkdir '/Users/jailbot/.npm/ms/0.1.0']
564 error   errno: 3,
564 error   code: 'EACCES',
564 error   path: '/Users/jailbot/.npm/ms/0.1.0',
564 error   parent: 'mongoose' }
565 error Please try running this command again as root/Administrator.
566 error System Darwin 13.3.0
567 error command "node" "/usr/local/bin/npm" "install" "mongoose"
568 error cwd /Users/jailbot/Documents/development/dnbot
569 error node -v v0.10.29
570 error npm -v 2.0.0-alpha-5
571 error path /Users/jailbot/.npm/ms/0.1.0
572 error code EACCES
573 error errno 3
574 error stack Error: EACCES, mkdir '/Users/jailbot/.npm/ms/0.1.0'
575 verbose exit [ 3, true ]
